build/app/outputs/mapping/r8/release/mapping.txt
# compiler: R8
# compiler_version: 1.3.54
# min_api: 18
com.cloudwebrtc.flutterwebrtcdemo.MainActivity -> com.cloudwebrtc.flutterwebrtcdemo.MainActivity:
    1:1:void <init>():7:7 -> <init>
    1:2:void onCreate(android.os.Bundle):10:11 -> onCreate
...
com.google.android.gms.signin.internal.zab -> b.a.a.a.e.a.c:
    android.content.Intent zasw -> c
    int zasv -> b
    int versionCode -> a
    1:1:void <clinit>():25:25 -> <clinit>
    1:4:void <init>(int,int,android.content.Intent):1:4 -> <init>
    5:5:void <init>():6:6 -> <init>
    6:6:void <init>(int,android.content.Intent):8:8 -> <init>
    1:3:com.google.android.gms.common.api.Status getStatus():10:12 -> f
    1:2:void writeToParcel(android.os.Parcel,int):14:15 -> writeToParcel
    3:4:void writeToParcel(android.os.Parcel,int):17:18 -> writeToParcel
    5:5:void writeToParcel(android.os.Parcel,int):20:20 -> writeToParcel
    6:7:void writeToParcel(android.os.Parcel,int):22:23 -> writeToParcel
com.google.android.gms.signin.internal.zac -> b.a.a.a.e.a.d:
    void zaa(com.google.android.gms.common.ConnectionResult,com.google.android.gms.signin.internal.zab) -> a
    void zaa(com.google.android.gms.common.api.Status,com.google.android.gms.auth.api.signin.GoogleSignInAccount) -> a
    void zab(com.google.android.gms.signin.internal.zak) -> a
    void zag(com.google.android.gms.common.api.Status) -> d
    void zah(com.google.android.gms.common.api.Status) -> e
com.google.android.gms.signin.internal.zad -> b.a.a.a.e.a.e:
    1:1:void <init>():1:1 -> <init>
    void zaa(com.google.android.gms.common.ConnectionResult,com.google.android.gms.signin.internal.zab) -> a
    void zaa(com.google.android.gms.common.api.Status,com.google.android.gms.auth.api.signin.GoogleSignInAccount) -> a
    void zag(com.google.android.gms.common.api.Status) -> d
    void zah(com.google.android.gms.common.api.Status) -> e
com.google.android.gms.signin.internal.zae -> b.a.a.a.e.a.f:
    void zaa(com.google.android.gms.common.internal.IAccountAccessor,int,boolean) -> a
    void zaa(com.google.android.gms.signin.internal.zai,com.google.android.gms.signin.internal.zac) -> a
    void zam(int) -> b
com.google.android.gms.signin.internal.zaf -> b.a.a.a.e.a.g:
    1:1:void <init>():1:1 -> <init>
    1:2:boolean dispatchTransaction(int,android.os.Parcel,android.os.Parcel,int):18:19 -> a
    3:5:boolean dispatchTransaction(int,android.os.Parcel,android.os.Parcel,int):14:16 -> a
    6:7:boolean dispatchTransaction(int,android.os.Parcel,android.os.Parcel,int):11:12 -> a
    8:9:boolean dispatchTransaction(int,android.os.Parcel,android.os.Parcel,int):8:9 -> a
    10:12:boolean dispatchTransaction(int,android.os.Parcel,android.os.Parcel,int):4:6 -> a
    13:13:boolean dispatchTransaction(int,android.os.Parcel,android.os.Parcel,int):22:22 -> a
com.google.android.gms.signin.internal.zag -> b.a.a.a.e.a.h:
    1:1:void <init>(android.os.IBinder):1:1 -> <init>
    1:5:void zaa(com.google.android.gms.common.internal.IAccountAccessor,int,boolean):7:11 -> a
    6:9:void zaa(com.google.android.gms.signin.internal.zai,com.google.android.gms.signin.internal.zac):13:16 -> a
    1:3:void zam(int):3:5 -> b
com.google.android.gms.signin.internal.zah -> b.a.a.a.e.a.i:
    1:1:void <init>():1:1 -> <init>
    1:1:java.lang.Object createFromParcel(android.os.Parcel):7:7 -> createFromParcel
    2:4:java.lang.Object createFromParcel(android.os.Parcel):10:12 -> createFromParcel
    5:5:java.lang.Object createFromParcel(android.os.Parcel):19:19 -> createFromParcel
    6:7:java.lang.Object createFromParcel(android.os.Parcel):16:17 -> createFromParcel
    8:8:java.lang.Object createFromParcel(android.os.Parcel):14:14 -> createFromParcel
    9:10:java.lang.Object createFromParcel(android.os.Parcel):21:22 -> createFromParcel
    1:1:java.lang.Object[] newArray(int):4:4 -> newArray